<?xml version="1.0" encoding="UTF-8"?>
<!-- Generated by org.testng.reporters.JUnitReportReporter -->
<testsuite hostname="LAPTOP-4C0L65HC" failures="0" tests="1" name="testCases.TC001_AccountRegistrationTest" time="6.952" errors="0" timestamp="2024-12-01T20:45:35 IST" skipped="0">
  <testcase classname="testCases.TC001_AccountRegistrationTest" name="verify_account_registration" time="6.952"/>
</testsuite> <!-- testCases.TC001_AccountRegistrationTest -->
